<?xml version="1.0" encoding="UTF-8"?>
<testng-results ignored="0" total="1" passed="1" failed="0" skipped="0">
  <reporter-output>
  </reporter-output>
  <suite started-at="2019-05-18T04:02:52Z" name="Testingsuite" finished-at="2019-05-18T04:03:08Z" duration-ms="15161">
    <groups>
    </groups>
    <test started-at="2019-05-18T04:02:52Z" name="login" finished-at="2019-05-18T04:02:52Z" duration-ms="19">
    </test> <!-- login -->
    <test started-at="2019-05-18T04:02:53Z" name="Addcontact" finished-at="2019-05-18T04:03:08Z" duration-ms="14941">
      <class name="test.AddContactTest">
        <test-method signature="AddContact(java.lang.String, java.lang.String, java.lang.String, java.lang.String, java.lang.String, java.lang.String, java.lang.String, java.lang.String, java.lang.String, java.lang.String, java.lang.String)[pri:0, instance:test.AddContactTest@611889f4]" started-at="2019-05-18T04:02:53Z" name="AddContact" finished-at="2019-05-18T04:03:08Z" duration-ms="14883" status="PASS">
          <params>
            <param index="0">
              <value>
                <![CDATA[techfiosdemo@gmail.com]]>
              </value>
            </param>
            <param index="1">
              <value>
                <![CDATA[abc123]]>
              </value>
            </param>
            <param index="2">
              <value>
                <![CDATA[NewTestng]]>
              </value>
            </param>
            <param index="3">
              <value>
                <![CDATA[Xerox]]>
              </value>
            </param>
            <param index="4">
              <value>
                <![CDATA[oiu@gmail.com]]>
              </value>
            </param>
            <param index="5">
              <value>
                <![CDATA[768765764]]>
              </value>
            </param>
            <param index="6">
              <value>
                <![CDATA[123,Willy st]]>
              </value>
            </param>
            <param index="7">
              <value>
                <![CDATA[Lancaster]]>
              </value>
            </param>
            <param index="8">
              <value>
                <![CDATA[SC]]>
              </value>
            </param>
            <param index="9">
              <value>
                <![CDATA[98765]]>
              </value>
            </param>
            <param index="10">
              <value>
                <![CDATA[United States]]>
              </value>
            </param>
          </params>
          <reporter-output>
          </reporter-output>
        </test-method> <!-- AddContact -->
      </class> <!-- test.AddContactTest -->
    </test> <!-- Addcontact -->
  </suite> <!-- Testingsuite -->
</testng-results>
